{
  "stats": {
    "suites": 12,
    "tests": 41,
    "passes": 21,
    "pending": 0,
    "failures": 20,
    "start": "2021-12-09T23:59:28.018Z",
    "end": "2021-12-10T00:00:59.686Z",
    "duration": 91668,
    "testsRegistered": 41,
    "passPercent": 51.21951219512195,
    "pendingPercent": 0,
    "other": 0,
    "hasOther": false,
    "skipped": 0,
    "hasSkipped": false
  },
  "results": [
    {
      "uuid": "8553cb9a-c0ea-41db-9e7e-0976ed65f6bd",
      "title": "",
      "fullFile": "cypress/integration/project.spec.js",
      "file": "cypress/integration/project.spec.js",
      "beforeHooks": [],
      "afterHooks": [],
      "tests": [],
      "suites": [
        {
          "uuid": "fe380a8c-9d27-4404-adcd-38900c13eb1f",
          "title": "1 - Adicione à página o título \"Paleta de Cores\".",
          "fullFile": "",
          "file": "",
          "beforeHooks": [],
          "afterHooks": [],
          "tests": [
            {
              "title": "Verifica se contém um elemento `h1` com o id `title` com o título correto",
              "fullTitle": "1 - Adicione à página o título \"Paleta de Cores\". Verifica se contém um elemento `h1` com o id `title` com o título correto",
              "timedOut": null,
              "duration": 131,
              "state": "passed",
              "speed": "slow",
              "pass": true,
              "fail": false,
              "pending": false,
              "context": null,
              "code": "cy.get('h1#title').should('contain.text', 'Paleta de Cores');",
              "err": {},
              "uuid": "796b402b-9814-4669-90c0-c32e9d9e5526",
              "parentUUID": "fe380a8c-9d27-4404-adcd-38900c13eb1f",
              "isHook": false,
              "skipped": false
            }
          ],
          "suites": [],
          "passes": [
            "796b402b-9814-4669-90c0-c32e9d9e5526"
          ],
          "failures": [],
          "pending": [],
          "skipped": [],
          "duration": 131,
          "root": false,
          "rootEmpty": false,
          "_timeout": 2000
        },
        {
          "uuid": "db9ea389-59c3-47ac-9d76-79ad15eba8ef",
          "title": "2 - Adicione à página uma paleta de quatro cores distintas.",
          "fullFile": "",
          "file": "",
          "beforeHooks": [],
          "afterHooks": [],
          "tests": [
            {
              "title": "A paleta de cores deve ser um elemento com `id` denominado `color-palette`",
              "fullTitle": "2 - Adicione à página uma paleta de quatro cores distintas. A paleta de cores deve ser um elemento com `id` denominado `color-palette`",
              "timedOut": null,
              "duration": 69,
              "state": "passed",
              "speed": "medium",
              "pass": true,
              "fail": false,
              "pending": false,
              "context": null,
              "code": "cy.get('#color-palette').should('be.visible');\ncy.get('#color-palette').children('.color');",
              "err": {},
              "uuid": "e45ce94b-4a24-445b-8e61-6da14a8897fc",
              "parentUUID": "db9ea389-59c3-47ac-9d76-79ad15eba8ef",
              "isHook": false,
              "skipped": false
            },
            {
              "title": "Verifica se cada cor individual da paleta de cores possui a `classe` chamada `color`.",
              "fullTitle": "2 - Adicione à página uma paleta de quatro cores distintas. Verifica se cada cor individual da paleta de cores possui a `classe` chamada `color`.",
              "timedOut": null,
              "duration": 117,
              "state": "passed",
              "speed": "slow",
              "pass": true,
              "fail": false,
              "pending": false,
              "context": null,
              "code": "cy.get('.color').should('have.length', 4).then(function (colors) {\n  for (var i = 0; i < colors.length; i++) {\n    cy.wrap(colors[i]).should('be.visible');\n  }\n});",
              "err": {},
              "uuid": "acd88617-0f64-47d5-aecd-94b7d4b7d943",
              "parentUUID": "db9ea389-59c3-47ac-9d76-79ad15eba8ef",
              "isHook": false,
              "skipped": false
            },
            {
              "title": "Verifica se a cor de fundo de cada elemento da paleta é a cor que o elemento representa. **A única cor não permitida na paleta é a cor branca.**",
              "fullTitle": "2 - Adicione à página uma paleta de quatro cores distintas. Verifica se a cor de fundo de cada elemento da paleta é a cor que o elemento representa. **A única cor não permitida na paleta é a cor branca.**",
              "timedOut": null,
              "duration": 98,
              "state": "passed",
              "speed": "slow",
              "pass": true,
              "fail": false,
              "pending": false,
              "context": null,
              "code": "cy.get('.color').each(function (color) {\n  cy.wrap(color).should('have.class', 'color').and('not.have.css', 'background-color', WHITE);\n  cy.wrap(color).should('have.css', 'background-color');\n});",
              "err": {},
              "uuid": "74df9ea2-f597-4b0b-b1c1-f8278ee9c2b3",
              "parentUUID": "db9ea389-59c3-47ac-9d76-79ad15eba8ef",
              "isHook": false,
              "skipped": false
            },
            {
              "title": "Verifica se cada elemento da paleta de cores tem uma borda preta, sólida e com 1 pixel de largura;",
              "fullTitle": "2 - Adicione à página uma paleta de quatro cores distintas. Verifica se cada elemento da paleta de cores tem uma borda preta, sólida e com 1 pixel de largura;",
              "timedOut": null,
              "duration": 83,
              "state": "passed",
              "speed": "slow",
              "pass": true,
              "fail": false,
              "pending": false,
              "context": null,
              "code": "cy.get('.color').each(function (color) {\n  cy.wrap(color).and('have.css', 'border', \"1px solid \".concat(BLACK)).and('have.class', 'color');\n});",
              "err": {},
              "uuid": "0daf82ff-336d-47e3-8b0e-bc002bf8a948",
              "parentUUID": "db9ea389-59c3-47ac-9d76-79ad15eba8ef",
              "isHook": false,
              "skipped": false
            },
            {
              "title": "Verifica se a paleta lista todas as cores disponíveis para utilização, lado a lado.",
              "fullTitle": "2 - Adicione à página uma paleta de quatro cores distintas. Verifica se a paleta lista todas as cores disponíveis para utilização, lado a lado.",
              "timedOut": null,
              "duration": 114,
              "state": "passed",
              "speed": "slow",
              "pass": true,
              "fail": false,
              "pending": false,
              "context": null,
              "code": "cy.get('.color').then(function (colors) {\n  for (var index = 1; index < colors.length; index += 1) {\n    var currentColor = colors[index];\n    var previousColor = colors[index - 1];\n    cy.wrap(currentColor).should('be.onTheRightOf', previousColor).and('be.horizontallyAlignedWith', previousColor);\n  }\n});",
              "err": {},
              "uuid": "13e62e5f-a0bf-4391-a3a0-828b358becec",
              "parentUUID": "db9ea389-59c3-47ac-9d76-79ad15eba8ef",
              "isHook": false,
              "skipped": false
            },
            {
              "title": "Verifica se a paleta de cores está posicionada abaixo do título 'Paleta de Cores'",
              "fullTitle": "2 - Adicione à página uma paleta de quatro cores distintas. Verifica se a paleta de cores está posicionada abaixo do título 'Paleta de Cores'",
              "timedOut": null,
              "duration": 92,
              "state": "passed",
              "speed": "slow",
              "pass": true,
              "fail": false,
              "pending": false,
              "context": null,
              "code": "cy.get('h1#title').then(function (title) {\n  cy.get('#color-palette').should('be.belowOf', title);\n});",
              "err": {},
              "uuid": "46d471d4-d63f-4528-868f-31fd5dc95a67",
              "parentUUID": "db9ea389-59c3-47ac-9d76-79ad15eba8ef",
              "isHook": false,
              "skipped": false
            },
            {
              "title": "Verifica se a paleta de cores não contém cores repetidas.",
              "fullTitle": "2 - Adicione à página uma paleta de quatro cores distintas. Verifica se a paleta de cores não contém cores repetidas.",
              "timedOut": null,
              "duration": 96,
              "state": "passed",
              "speed": "slow",
              "pass": true,
              "fail": false,
              "pending": false,
              "context": null,
              "code": "cy.get('.color').then(function (colors) {\n  var allColors = Array.from(colors).map(function (color) {\n    return Cypress.$(color).css('background-color');\n  });\n  cy.log(allColors);\n  var uniqColors = (0, _toConsumableArray2[\"default\"])(new Set(allColors));\n  cy.log(uniqColors);\n  expect(allColors.length).to.eq(uniqColors.length);\n});",
              "err": {},
              "uuid": "edd248c4-b900-4afb-954e-0f042c960265",
              "parentUUID": "db9ea389-59c3-47ac-9d76-79ad15eba8ef",
              "isHook": false,
              "skipped": false
            }
          ],
          "suites": [],
          "passes": [
            "e45ce94b-4a24-445b-8e61-6da14a8897fc",
            "acd88617-0f64-47d5-aecd-94b7d4b7d943",
            "74df9ea2-f597-4b0b-b1c1-f8278ee9c2b3",
            "0daf82ff-336d-47e3-8b0e-bc002bf8a948",
            "13e62e5f-a0bf-4391-a3a0-828b358becec",
            "46d471d4-d63f-4528-868f-31fd5dc95a67",
            "edd248c4-b900-4afb-954e-0f042c960265"
          ],
          "failures": [],
          "pending": [],
          "skipped": [],
          "duration": 669,
          "root": false,
          "rootEmpty": false,
          "_timeout": 2000
        },
        {
          "uuid": "de4a286f-bfa2-4cce-b914-c6d08e091238",
          "title": "3 - Adicione a cor **preta** como a primeira cor da paleta de cores.",
          "fullFile": "",
          "file": "",
          "beforeHooks": [],
          "afterHooks": [],
          "tests": [
            {
              "title": "Verifica se a primeira cor da paleta é preta",
              "fullTitle": "3 - Adicione a cor **preta** como a primeira cor da paleta de cores. Verifica se a primeira cor da paleta é preta",
              "timedOut": null,
              "duration": 115,
              "state": "passed",
              "speed": "slow",
              "pass": true,
              "fail": false,
              "pending": false,
              "context": null,
              "code": "cy.get('.color').first().should('have.css', 'background-color', BLACK);",
              "err": {},
              "uuid": "916dad57-806f-4bac-9f55-f0307bf89401",
              "parentUUID": "de4a286f-bfa2-4cce-b914-c6d08e091238",
              "isHook": false,
              "skipped": false
            },
            {
              "title": "Verifica se as demais cores podem ser escolhidas livremente.",
              "fullTitle": "3 - Adicione a cor **preta** como a primeira cor da paleta de cores. Verifica se as demais cores podem ser escolhidas livremente.",
              "timedOut": null,
              "duration": 172,
              "state": "passed",
              "speed": "slow",
              "pass": true,
              "fail": false,
              "pending": false,
              "context": null,
              "code": "cy.get('.color').eq(1).should('not.have.css', 'background-color', BLACK);\ncy.get('.color').eq(1).should('not.have.css', 'background-color', WHITE);\ncy.get('.color').eq(1).should('not.have.css', 'background-color', 'rgba(0, 0, 0, 0)');\ncy.get('.color').eq(1).should('have.css', 'background-color');\ncy.get('.color').eq(2).should('not.have.css', 'background-color', BLACK);\ncy.get('.color').eq(2).should('not.have.css', 'background-color', WHITE);\ncy.get('.color').eq(2).should('not.have.css', 'background-color', 'rgba(0, 0, 0, 0)');\ncy.get('.color').eq(2).should('have.css', 'background-color');\ncy.get('.color').eq(3).should('not.have.css', 'background-color', BLACK);\ncy.get('.color').eq(3).should('not.have.css', 'background-color', WHITE);\ncy.get('.color').eq(3).should('not.have.css', 'background-color', 'rgba(0, 0, 0, 0)');\ncy.get('.color').eq(3).should('have.css', 'background-color');",
              "err": {},
              "uuid": "b961ddfd-e879-49d1-9486-c8d9212b3a52",
              "parentUUID": "de4a286f-bfa2-4cce-b914-c6d08e091238",
              "isHook": false,
              "skipped": false
            }
          ],
          "suites": [],
          "passes": [
            "916dad57-806f-4bac-9f55-f0307bf89401",
            "b961ddfd-e879-49d1-9486-c8d9212b3a52"
          ],
          "failures": [],
          "pending": [],
          "skipped": [],
          "duration": 287,
          "root": false,
          "rootEmpty": false,
          "_timeout": 2000
        },
        {
          "uuid": "db3abff3-b3b1-41ba-b82f-c1638310ce5e",
          "title": "4 - Adicione à página um quadro de pixels, com 25 pixels.",
          "fullFile": "",
          "file": "",
          "beforeHooks": [],
          "afterHooks": [],
          "tests": [
            {
              "title": "Verifica se o quadro de pixels possui o `id` denominado `pixel-board`",
              "fullTitle": "4 - Adicione à página um quadro de pixels, com 25 pixels. Verifica se o quadro de pixels possui o `id` denominado `pixel-board`",
              "timedOut": null,
              "duration": 88,
              "state": "passed",
              "speed": "slow",
              "pass": true,
              "fail": false,
              "pending": false,
              "context": null,
              "code": "cy.get('#pixel-board').should('be.visible');",
              "err": {},
              "uuid": "7871a637-77a5-42c5-bb95-42bd9ad5b78f",
              "parentUUID": "db3abff3-b3b1-41ba-b82f-c1638310ce5e",
              "isHook": false,
              "skipped": false
            },
            {
              "title": "Verifica se cada pixel individual dentro do quadro possui a `classe` denominada `pixel`.",
              "fullTitle": "4 - Adicione à página um quadro de pixels, com 25 pixels. Verifica se cada pixel individual dentro do quadro possui a `classe` denominada `pixel`.",
              "timedOut": null,
              "duration": 86,
              "state": "passed",
              "speed": "slow",
              "pass": true,
              "fail": false,
              "pending": false,
              "context": null,
              "code": "cy.get('.pixel').should('have.length', 25);",
              "err": {},
              "uuid": "a76d0ef1-8ced-4fce-b8ff-176f6474240c",
              "parentUUID": "db3abff3-b3b1-41ba-b82f-c1638310ce5e",
              "isHook": false,
              "skipped": false
            },
            {
              "title": "Verifica se a cor inicial dos pixels dentro do quadro, ao abrir a página, é branca.",
              "fullTitle": "4 - Adicione à página um quadro de pixels, com 25 pixels. Verifica se a cor inicial dos pixels dentro do quadro, ao abrir a página, é branca.",
              "timedOut": null,
              "duration": 126,
              "state": "passed",
              "speed": "slow",
              "pass": true,
              "fail": false,
              "pending": false,
              "context": null,
              "code": "cy.get('.pixel').should('have.length', 25).each(function (pixel) {\n  expect(pixel).to.have.css('background-color', WHITE);\n});",
              "err": {},
              "uuid": "906d7aa4-5aad-4d09-bd4d-bde9cb9b12e0",
              "parentUUID": "db3abff3-b3b1-41ba-b82f-c1638310ce5e",
              "isHook": false,
              "skipped": false
            },
            {
              "title": "Verifica se o quadro de pixels aparece abaixo da paleta de cores",
              "fullTitle": "4 - Adicione à página um quadro de pixels, com 25 pixels. Verifica se o quadro de pixels aparece abaixo da paleta de cores",
              "timedOut": null,
              "duration": 84,
              "state": "passed",
              "speed": "slow",
              "pass": true,
              "fail": false,
              "pending": false,
              "context": null,
              "code": "cy.get('#color-palette').then(function (palette) {\n  cy.get('#pixel-board').should('be.belowOf', palette);\n});",
              "err": {},
              "uuid": "54e0cc58-f268-43d6-b326-9446298d9ec7",
              "parentUUID": "db3abff3-b3b1-41ba-b82f-c1638310ce5e",
              "isHook": false,
              "skipped": false
            }
          ],
          "suites": [],
          "passes": [
            "7871a637-77a5-42c5-bb95-42bd9ad5b78f",
            "a76d0ef1-8ced-4fce-b8ff-176f6474240c",
            "906d7aa4-5aad-4d09-bd4d-bde9cb9b12e0",
            "54e0cc58-f268-43d6-b326-9446298d9ec7"
          ],
          "failures": [],
          "pending": [],
          "skipped": [],
          "duration": 384,
          "root": false,
          "rootEmpty": false,
          "_timeout": 2000
        },
        {
          "uuid": "b3dd5752-981d-4d35-9fe7-16064a92e669",
          "title": "5 - Faça com que cada elemento do quadro de pixels possua 40 pixels de largura, 40 pixels de altura e seja delimitado por uma borda preta de 1 pixel.",
          "fullFile": "",
          "file": "",
          "beforeHooks": [],
          "afterHooks": [],
          "tests": [
            {
              "title": "Verifica se o quadro de pixels tem altura e comprimento de 5 elementos",
              "fullTitle": "5 - Faça com que cada elemento do quadro de pixels possua 40 pixels de largura, 40 pixels de altura e seja delimitado por uma borda preta de 1 pixel. Verifica se o quadro de pixels tem altura e comprimento de 5 elementos",
              "timedOut": null,
              "duration": 226,
              "state": "passed",
              "speed": "slow",
              "pass": true,
              "fail": false,
              "pending": false,
              "context": null,
              "code": "cy.get('.pixel').should('have.length', 25).each(function (pixel) {\n  expect(pixel).to.have.css('background-color', WHITE);\n}).and(function (pixels) {\n  var rows = chunk(pixels, 5);\n  rows.forEach(function (row) {\n    for (var index = 1; index < row.length; index += 1) {\n      var current = pixels[index];\n      var previous = pixels[index - 1];\n      cy.wrap(current).should('be.onTheRightOf', previous).and('be.horizontallyAlignedWith', previous);\n    }\n  });\n  for (var index = 1; index < 5; index += 1) {\n    expect(pixels[index * 5]).to.be.belowOf(pixels[(index - 1) * 5]);\n  }\n});",
              "err": {},
              "uuid": "4a557815-fa69-4b17-8806-90e4ba0447c9",
              "parentUUID": "b3dd5752-981d-4d35-9fe7-16064a92e669",
              "isHook": false,
              "skipped": false
            },
            {
              "title": "Verifica se 40 pixels é o tamanho total do elemento, incluindo seu conteúdo e excluindo a borda preta, que deve ser criada à parte.",
              "fullTitle": "5 - Faça com que cada elemento do quadro de pixels possua 40 pixels de largura, 40 pixels de altura e seja delimitado por uma borda preta de 1 pixel. Verifica se 40 pixels é o tamanho total do elemento, incluindo seu conteúdo e excluindo a borda preta, que deve ser criada à parte.",
              "timedOut": null,
              "duration": 209,
              "state": "passed",
              "speed": "slow",
              "pass": true,
              "fail": false,
              "pending": false,
              "context": null,
              "code": "cy.get('.pixel').each(function (pixel) {\n  cy.wrap(pixel).should('have.css', 'height', '40px').and('have.css', 'width', '40px').and('have.css', 'border', \"1px solid \".concat(BLACK));\n});",
              "err": {},
              "uuid": "745959cb-bcbd-4f54-98b6-a1aeac3be000",
              "parentUUID": "b3dd5752-981d-4d35-9fe7-16064a92e669",
              "isHook": false,
              "skipped": false
            }
          ],
          "suites": [],
          "passes": [
            "4a557815-fa69-4b17-8806-90e4ba0447c9",
            "745959cb-bcbd-4f54-98b6-a1aeac3be000"
          ],
          "failures": [],
          "pending": [],
          "skipped": [],
          "duration": 435,
          "root": false,
          "rootEmpty": false,
          "_timeout": 2000
        },
        {
          "uuid": "f8bc212f-6f3a-4a9e-a8d9-062a10e72d27",
          "title": "6 - Defina a cor preta como cor inicial. Ao carregar a página a cor preta já deve estar selecionada para pintar os pixels",
          "fullFile": "",
          "file": "",
          "beforeHooks": [],
          "afterHooks": [],
          "tests": [
            {
              "title": "Verifica se o elemento da cor preta possui, inicialmente, a `classe` `selected`",
              "fullTitle": "6 - Defina a cor preta como cor inicial. Ao carregar a página a cor preta já deve estar selecionada para pintar os pixels Verifica se o elemento da cor preta possui, inicialmente, a `classe` `selected`",
              "timedOut": null,
              "duration": 65,
              "state": "passed",
              "speed": "medium",
              "pass": true,
              "fail": false,
              "pending": false,
              "context": null,
              "code": "cy.get('.selected').first().should('have.css', 'background-color', BLACK);",
              "err": {},
              "uuid": "752e7f02-8b50-4f43-87d2-27b8d5a31d6b",
              "parentUUID": "f8bc212f-6f3a-4a9e-a8d9-062a10e72d27",
              "isHook": false,
              "skipped": false
            },
            {
              "title": "Verifica se nenhuma outra cor da paleta tem a `classe` `selected`",
              "fullTitle": "6 - Defina a cor preta como cor inicial. Ao carregar a página a cor preta já deve estar selecionada para pintar os pixels Verifica se nenhuma outra cor da paleta tem a `classe` `selected`",
              "timedOut": null,
              "duration": 79,
              "state": "passed",
              "speed": "slow",
              "pass": true,
              "fail": false,
              "pending": false,
              "context": null,
              "code": "cy.get('.color:not(:first-child)').each(function (color) {\n  cy.wrap(color).should('not.have.class', 'selected');\n});",
              "err": {},
              "uuid": "ad37d49f-b811-4f27-a700-8d687c99c560",
              "parentUUID": "f8bc212f-6f3a-4a9e-a8d9-062a10e72d27",
              "isHook": false,
              "skipped": false
            }
          ],
          "suites": [],
          "passes": [
            "752e7f02-8b50-4f43-87d2-27b8d5a31d6b",
            "ad37d49f-b811-4f27-a700-8d687c99c560"
          ],
          "failures": [],
          "pending": [],
          "skipped": [],
          "duration": 144,
          "root": false,
          "rootEmpty": false,
          "_timeout": 2000
        },
        {
          "uuid": "31a5da4b-7a27-4fc5-a723-6ce3daed672e",
          "title": "7 - Clicar em uma das cores da paleta, faz com que ela seja selecionada e utilizada para preencher os pixels no quadro.",
          "fullFile": "",
          "file": "",
          "beforeHooks": [],
          "afterHooks": [],
          "tests": [
            {
              "title": "Verifica se somente uma cor da paleta de cores tem a classe `selected` de cada vez",
              "fullTitle": "7 - Clicar em uma das cores da paleta, faz com que ela seja selecionada e utilizada para preencher os pixels no quadro. Verifica se somente uma cor da paleta de cores tem a classe `selected` de cada vez",
              "timedOut": null,
              "duration": 438,
              "state": "passed",
              "speed": "slow",
              "pass": true,
              "fail": false,
              "pending": false,
              "context": null,
              "code": "cy.get('.color').each(function (selectedColor, selectedColorIndex) {\n  cy.wrap(selectedColor).click();\n  cy.get('.color').each(function (color, colorIndex) {\n    if (colorIndex === selectedColorIndex) {\n      expect(color).to.have[\"class\"]('selected');\n    } else {\n      expect(color).not.to.have[\"class\"]('selected');\n    }\n  });\n});",
              "err": {},
              "uuid": "971f20e7-d467-49e8-93e7-65d80995571a",
              "parentUUID": "31a5da4b-7a27-4fc5-a723-6ce3daed672e",
              "isHook": false,
              "skipped": false
            },
            {
              "title": "Verifica se os pixels dentro do quadro não têm a classe `selected` quando são clicados",
              "fullTitle": "7 - Clicar em uma das cores da paleta, faz com que ela seja selecionada e utilizada para preencher os pixels no quadro. Verifica se os pixels dentro do quadro não têm a classe `selected` quando são clicados",
              "timedOut": null,
              "duration": 9087,
              "state": "passed",
              "speed": "slow",
              "pass": true,
              "fail": false,
              "pending": false,
              "context": null,
              "code": "cy.get('.color').each(function (color) {\n  var backgroundColor = color.css('background-color');\n  cy.wrap(color).click();\n  cy.get('.pixel').each(function (pixel) {\n    cy.wrap(pixel).click().should('not.have.class', 'selected');\n  });\n});",
              "err": {},
              "uuid": "46b9c230-5c8e-46bb-8eb9-03590047606a",
              "parentUUID": "31a5da4b-7a27-4fc5-a723-6ce3daed672e",
              "isHook": false,
              "skipped": false
            }
          ],
          "suites": [],
          "passes": [
            "971f20e7-d467-49e8-93e7-65d80995571a",
            "46b9c230-5c8e-46bb-8eb9-03590047606a"
          ],
          "failures": [],
          "pending": [],
          "skipped": [],
          "duration": 9525,
          "root": false,
          "rootEmpty": false,
          "_timeout": 2000
        },
        {
          "uuid": "cbdd680e-e041-4ca8-8769-fbb40b8ecbeb",
          "title": "8 - Clicar em um pixel dentro do quadro após selecionar uma cor na paleta, faz com que o pixel seja preenchido com a cor selecionada.",
          "fullFile": "",
          "file": "",
          "beforeHooks": [],
          "afterHooks": [],
          "tests": [
            {
              "title": "Verifica se ao carregar a página deve ser possível pintar os pixels de preto",
              "fullTitle": "8 - Clicar em um pixel dentro do quadro após selecionar uma cor na paleta, faz com que o pixel seja preenchido com a cor selecionada. Verifica se ao carregar a página deve ser possível pintar os pixels de preto",
              "timedOut": null,
              "duration": 4330,
              "state": "failed",
              "speed": null,
              "pass": false,
              "fail": true,
              "pending": false,
              "context": null,
              "code": "cy.get('.pixel').each(function (pixel) {\n  cy.wrap(pixel).click().should('have.css', 'background-color', BLACK);\n});",
              "err": {
                "message": "CypressError: Timed out retrying: expected '<div.pixel>' to have CSS property 'background-color' with the value 'rgb(0, 0, 0)', but the value was 'rgb(255, 255, 255)'",
                "estack": "CypressError: Timed out retrying: expected '<div.pixel>' to have CSS property 'background-color' with the value 'rgb(0, 0, 0)', but the value was 'rgb(255, 255, 255)'\n    at cypressErr (http://localhost:44391/__cypress/runner/cypress_runner.js:149934:9)\n    at throwErr (http://localhost:44391/__cypress/runner/cypress_runner.js:149867:11)\n    at Object.throwErrByPath (http://localhost:44391/__cypress/runner/cypress_runner.js:149915:3)\n    at retry (http://localhost:44391/__cypress/runner/cypress_runner.js:144197:19)\n    at onFailFn (http://localhost:44391/__cypress/runner/cypress_runner.js:132448:16)\n    at tryCatcher (http://localhost:44391/__cypress/runner/cypress_runner.js:167415:23)\n    at Promise._settlePromiseFromHandler (http://localhost:44391/__cypress/runner/cypress_runner.js:165351:31)\n    at Promise._settlePromise (http://localhost:44391/__cypress/runner/cypress_runner.js:165408:18)\n    at Promise._settlePromise0 (http://localhost:44391/__cypress/runner/cypress_runner.js:165453:10)\n    at Promise._settlePromises (http://localhost:44391/__cypress/runner/cypress_runner.js:165528:18)\n    at Async../node_modules/bluebird/js/release/async.js.Async._drainQueue (http://localhost:44391/__cypress/runner/cypress_runner.js:162140:16)\n    at Async../node_modules/bluebird/js/release/async.js.Async._drainQueues (http://localhost:44391/__cypress/runner/cypress_runner.js:162150:10)\n    at Async.drainQueues (http://localhost:44391/__cypress/runner/cypress_runner.js:162024:14)",
                "diff": null
              },
              "uuid": "86a03e56-cd98-47ee-9fd9-c4e7a0e321af",
              "parentUUID": "cbdd680e-e041-4ca8-8769-fbb40b8ecbeb",
              "isHook": false,
              "skipped": false
            },
            {
              "title": "Verifica se após selecionar uma outra cor na paleta, é possível pintar os pixels com essa cor",
              "fullTitle": "8 - Clicar em um pixel dentro do quadro após selecionar uma cor na paleta, faz com que o pixel seja preenchido com a cor selecionada. Verifica se após selecionar uma outra cor na paleta, é possível pintar os pixels com essa cor",
              "timedOut": null,
              "duration": 4375,
              "state": "failed",
              "speed": null,
              "pass": false,
              "fail": true,
              "pending": false,
              "context": null,
              "code": "cy.get('.color').each(function (color) {\n  var backgroundColor = color.css('background-color');\n  cy.wrap(color).click();\n  cy.get('.pixel').each(function (pixel) {\n    cy.wrap(pixel).click().should('have.css', 'background-color', backgroundColor);\n  });\n});",
              "err": {
                "message": "CypressError: Timed out retrying: expected '<div.pixel>' to have CSS property 'background-color' with the value 'rgb(0, 0, 0)', but the value was 'rgb(255, 255, 255)'",
                "estack": "CypressError: Timed out retrying: expected '<div.pixel>' to have CSS property 'background-color' with the value 'rgb(0, 0, 0)', but the value was 'rgb(255, 255, 255)'\n    at cypressErr (http://localhost:44391/__cypress/runner/cypress_runner.js:149934:9)\n    at throwErr (http://localhost:44391/__cypress/runner/cypress_runner.js:149867:11)\n    at Object.throwErrByPath (http://localhost:44391/__cypress/runner/cypress_runner.js:149915:3)\n    at retry (http://localhost:44391/__cypress/runner/cypress_runner.js:144197:19)\n    at onFailFn (http://localhost:44391/__cypress/runner/cypress_runner.js:132448:16)\n    at tryCatcher (http://localhost:44391/__cypress/runner/cypress_runner.js:167415:23)\n    at Promise._settlePromiseFromHandler (http://localhost:44391/__cypress/runner/cypress_runner.js:165351:31)\n    at Promise._settlePromise (http://localhost:44391/__cypress/runner/cypress_runner.js:165408:18)\n    at Promise._settlePromise0 (http://localhost:44391/__cypress/runner/cypress_runner.js:165453:10)\n    at Promise._settlePromises (http://localhost:44391/__cypress/runner/cypress_runner.js:165528:18)\n    at Async../node_modules/bluebird/js/release/async.js.Async._drainQueue (http://localhost:44391/__cypress/runner/cypress_runner.js:162140:16)\n    at Async../node_modules/bluebird/js/release/async.js.Async._drainQueues (http://localhost:44391/__cypress/runner/cypress_runner.js:162150:10)\n    at Async.drainQueues (http://localhost:44391/__cypress/runner/cypress_runner.js:162024:14)",
                "diff": null
              },
              "uuid": "5ffc1bd9-9e09-492e-81d3-abbf86e087b5",
              "parentUUID": "cbdd680e-e041-4ca8-8769-fbb40b8ecbeb",
              "isHook": false,
              "skipped": false
            },
            {
              "title": "Verifica se somente o pixel que foi clicado foi preenchido com a cor selecionada, sem influenciar na cor dos demais pixels.",
              "fullTitle": "8 - Clicar em um pixel dentro do quadro após selecionar uma cor na paleta, faz com que o pixel seja preenchido com a cor selecionada. Verifica se somente o pixel que foi clicado foi preenchido com a cor selecionada, sem influenciar na cor dos demais pixels.",
              "timedOut": null,
              "duration": 1408,
              "state": "passed",
              "speed": "slow",
              "pass": true,
              "fail": false,
              "pending": false,
              "context": null,
              "code": "var colorToPixelIndexMap = {\n  0: 6,\n  1: 8,\n  2: 16,\n  3: 18\n};\ncy.get('.color').each(function (color, index) {\n  cy.wrap(color).click();\n  var backgroundColor = color.css('background-color');\n  var clickedPixelIndex = colorToPixelIndexMap[index];\n  cy.get('.pixel').eq(clickedPixelIndex).click();\n  cy.get('.pixel').eq(clickedPixelIndex - 1).should('not.have.css', 'background-color', backgroundColor);\n  cy.get('.pixel').eq(clickedPixelIndex + 1).should('not.have.css', 'background-color', backgroundColor);\n  cy.get('.pixel').eq(clickedPixelIndex - 5).should('not.have.css', 'background-color', backgroundColor);\n  cy.get('.pixel').eq(clickedPixelIndex + 5).should('not.have.css', 'background-color', backgroundColor);\n  cy.get('.pixel').eq(clickedPixelIndex - 6).should('not.have.css', 'background-color', backgroundColor);\n  cy.get('.pixel').eq(clickedPixelIndex - 4).should('not.have.css', 'background-color', backgroundColor);\n  cy.get('.pixel').eq(clickedPixelIndex + 4).should('not.have.css', 'background-color', backgroundColor);\n  cy.get('.pixel').eq(clickedPixelIndex + 6).should('not.have.css', 'background-color', backgroundColor);\n});",
              "err": {},
              "uuid": "7e22c993-9478-456e-b53d-6344705bb010",
              "parentUUID": "cbdd680e-e041-4ca8-8769-fbb40b8ecbeb",
              "isHook": false,
              "skipped": false
            }
          ],
          "suites": [],
          "passes": [
            "7e22c993-9478-456e-b53d-6344705bb010"
          ],
          "failures": [
            "86a03e56-cd98-47ee-9fd9-c4e7a0e321af",
            "5ffc1bd9-9e09-492e-81d3-abbf86e087b5"
          ],
          "pending": [],
          "skipped": [],
          "duration": 10113,
          "root": false,
          "rootEmpty": false,
          "_timeout": 2000
        },
        {
          "uuid": "8d7264f3-d5c5-4c73-8d70-14abf768b82c",
          "title": "9 - Crie um botão que, ao ser clicado, limpa o quadro preenchendo a cor de todos seus pixels com branco.",
          "fullFile": "",
          "file": "",
          "beforeHooks": [],
          "afterHooks": [],
          "tests": [
            {
              "title": "Verifica se o botão tem o `id` denominado `clear-board`",
              "fullTitle": "9 - Crie um botão que, ao ser clicado, limpa o quadro preenchendo a cor de todos seus pixels com branco. Verifica se o botão tem o `id` denominado `clear-board`",
              "timedOut": null,
              "duration": 4259,
              "state": "failed",
              "speed": null,
              "pass": false,
              "fail": true,
              "pending": false,
              "context": null,
              "code": "cy.get('#clear-board').should('be.visible');",
              "err": {
                "message": "CypressError: Timed out retrying: Expected to find element: '#clear-board', but never found it.",
                "estack": "CypressError: Timed out retrying: Expected to find element: '#clear-board', but never found it.\n    at cypressErr (http://localhost:44391/__cypress/runner/cypress_runner.js:149934:9)\n    at throwErr (http://localhost:44391/__cypress/runner/cypress_runner.js:149867:11)\n    at Object.throwErrByPath (http://localhost:44391/__cypress/runner/cypress_runner.js:149915:3)\n    at retry (http://localhost:44391/__cypress/runner/cypress_runner.js:144197:19)\n    at onFailFn (http://localhost:44391/__cypress/runner/cypress_runner.js:132448:16)\n    at tryCatcher (http://localhost:44391/__cypress/runner/cypress_runner.js:167415:23)\n    at Promise._settlePromiseFromHandler (http://localhost:44391/__cypress/runner/cypress_runner.js:165351:31)\n    at Promise._settlePromise (http://localhost:44391/__cypress/runner/cypress_runner.js:165408:18)\n    at Promise._settlePromise0 (http://localhost:44391/__cypress/runner/cypress_runner.js:165453:10)\n    at Promise._settlePromises (http://localhost:44391/__cypress/runner/cypress_runner.js:165528:18)\n    at Async../node_modules/bluebird/js/release/async.js.Async._drainQueue (http://localhost:44391/__cypress/runner/cypress_runner.js:162140:16)\n    at Async../node_modules/bluebird/js/release/async.js.Async._drainQueues (http://localhost:44391/__cypress/runner/cypress_runner.js:162150:10)\n    at Async.drainQueues (http://localhost:44391/__cypress/runner/cypress_runner.js:162024:14)",
                "diff": null
              },
              "uuid": "6df16cdf-76cc-47d2-b880-656fbbd6499f",
              "parentUUID": "8d7264f3-d5c5-4c73-8d70-14abf768b82c",
              "isHook": false,
              "skipped": false
            },
            {
              "title": "Verifica se o botão está posicionado entre a paleta de cores e o quadro de pixels",
              "fullTitle": "9 - Crie um botão que, ao ser clicado, limpa o quadro preenchendo a cor de todos seus pixels com branco. Verifica se o botão está posicionado entre a paleta de cores e o quadro de pixels",
              "timedOut": null,
              "duration": 4222,
              "state": "failed",
              "speed": null,
              "pass": false,
              "fail": true,
              "pending": false,
              "context": null,
              "code": "cy.get('#color-palette').then(function (palette) {\n  cy.get('#clear-board').should('be.belowOf', palette);\n});\ncy.get('#clear-board').then(function (clearBtn) {\n  cy.get('#pixel-board').should('be.belowOf', clearBtn);\n});",
              "err": {
                "message": "CypressError: Timed out retrying: Expected to find element: '#clear-board', but never found it.",
                "estack": "CypressError: Timed out retrying: Expected to find element: '#clear-board', but never found it.\n    at cypressErr (http://localhost:44391/__cypress/runner/cypress_runner.js:149934:9)\n    at throwErr (http://localhost:44391/__cypress/runner/cypress_runner.js:149867:11)\n    at Object.throwErrByPath (http://localhost:44391/__cypress/runner/cypress_runner.js:149915:3)\n    at retry (http://localhost:44391/__cypress/runner/cypress_runner.js:144197:19)\n    at onFailFn (http://localhost:44391/__cypress/runner/cypress_runner.js:132448:16)\n    at tryCatcher (http://localhost:44391/__cypress/runner/cypress_runner.js:167415:23)\n    at Promise._settlePromiseFromHandler (http://localhost:44391/__cypress/runner/cypress_runner.js:165351:31)\n    at Promise._settlePromise (http://localhost:44391/__cypress/runner/cypress_runner.js:165408:18)\n    at Promise._settlePromise0 (http://localhost:44391/__cypress/runner/cypress_runner.js:165453:10)\n    at Promise._settlePromises (http://localhost:44391/__cypress/runner/cypress_runner.js:165528:18)\n    at Async../node_modules/bluebird/js/release/async.js.Async._drainQueue (http://localhost:44391/__cypress/runner/cypress_runner.js:162140:16)\n    at Async../node_modules/bluebird/js/release/async.js.Async._drainQueues (http://localhost:44391/__cypress/runner/cypress_runner.js:162150:10)\n    at Async.drainQueues (http://localhost:44391/__cypress/runner/cypress_runner.js:162024:14)",
                "diff": null
              },
              "uuid": "13cfb88e-68d3-45f9-8e81-fa858ab0bf37",
              "parentUUID": "8d7264f3-d5c5-4c73-8d70-14abf768b82c",
              "isHook": false,
              "skipped": false
            },
            {
              "title": "Verifica se o texto do botão é 'Limpar'",
              "fullTitle": "9 - Crie um botão que, ao ser clicado, limpa o quadro preenchendo a cor de todos seus pixels com branco. Verifica se o texto do botão é 'Limpar'",
              "timedOut": null,
              "duration": 4237,
              "state": "failed",
              "speed": null,
              "pass": false,
              "fail": true,
              "pending": false,
              "context": null,
              "code": "cy.get('#clear-board').should('contain.text', 'Limpar');",
              "err": {
                "message": "CypressError: Timed out retrying: Expected to find element: '#clear-board', but never found it.",
                "estack": "CypressError: Timed out retrying: Expected to find element: '#clear-board', but never found it.\n    at cypressErr (http://localhost:44391/__cypress/runner/cypress_runner.js:149934:9)\n    at throwErr (http://localhost:44391/__cypress/runner/cypress_runner.js:149867:11)\n    at Object.throwErrByPath (http://localhost:44391/__cypress/runner/cypress_runner.js:149915:3)\n    at retry (http://localhost:44391/__cypress/runner/cypress_runner.js:144197:19)\n    at onFailFn (http://localhost:44391/__cypress/runner/cypress_runner.js:132448:16)\n    at tryCatcher (http://localhost:44391/__cypress/runner/cypress_runner.js:167415:23)\n    at Promise._settlePromiseFromHandler (http://localhost:44391/__cypress/runner/cypress_runner.js:165351:31)\n    at Promise._settlePromise (http://localhost:44391/__cypress/runner/cypress_runner.js:165408:18)\n    at Promise._settlePromise0 (http://localhost:44391/__cypress/runner/cypress_runner.js:165453:10)\n    at Promise._settlePromises (http://localhost:44391/__cypress/runner/cypress_runner.js:165528:18)\n    at Async../node_modules/bluebird/js/release/async.js.Async._drainQueue (http://localhost:44391/__cypress/runner/cypress_runner.js:162140:16)\n    at Async../node_modules/bluebird/js/release/async.js.Async._drainQueues (http://localhost:44391/__cypress/runner/cypress_runner.js:162150:10)\n    at Async.drainQueues (http://localhost:44391/__cypress/runner/cypress_runner.js:162024:14)",
                "diff": null
              },
              "uuid": "7593f316-441c-4759-a925-ab6ef51183e6",
              "parentUUID": "8d7264f3-d5c5-4c73-8d70-14abf768b82c",
              "isHook": false,
              "skipped": false
            },
            {
              "title": "Verifica se ao clicar no botão, o quadro de pixels é totalmente preenchido de branco",
              "fullTitle": "9 - Crie um botão que, ao ser clicado, limpa o quadro preenchendo a cor de todos seus pixels com branco. Verifica se ao clicar no botão, o quadro de pixels é totalmente preenchido de branco",
              "timedOut": null,
              "duration": 4400,
              "state": "failed",
              "speed": null,
              "pass": false,
              "fail": true,
              "pending": false,
              "context": null,
              "code": "cy.get('.color').eq(1).then(function (color) {\n  var backgroundColor = color.css('background-color');\n  cy.wrap(color).click();\n  cy.get('.pixel').each(function (pixel) {\n    cy.wrap(pixel).click().should('have.css', 'background-color', backgroundColor);\n  });\n});\ncy.get('#clear-board').click();\ncy.get('.pixel').each(function (pixel) {\n  cy.wrap(pixel).should('have.css', 'background-color', WHITE);\n});",
              "err": {
                "message": "CypressError: Timed out retrying: expected '<div.pixel>' to have CSS property 'background-color' with the value 'rgb(0, 255, 255)', but the value was 'rgb(255, 255, 255)'",
                "estack": "CypressError: Timed out retrying: expected '<div.pixel>' to have CSS property 'background-color' with the value 'rgb(0, 255, 255)', but the value was 'rgb(255, 255, 255)'\n    at cypressErr (http://localhost:44391/__cypress/runner/cypress_runner.js:149934:9)\n    at throwErr (http://localhost:44391/__cypress/runner/cypress_runner.js:149867:11)\n    at Object.throwErrByPath (http://localhost:44391/__cypress/runner/cypress_runner.js:149915:3)\n    at retry (http://localhost:44391/__cypress/runner/cypress_runner.js:144197:19)\n    at onFailFn (http://localhost:44391/__cypress/runner/cypress_runner.js:132448:16)\n    at tryCatcher (http://localhost:44391/__cypress/runner/cypress_runner.js:167415:23)\n    at Promise._settlePromiseFromHandler (http://localhost:44391/__cypress/runner/cypress_runner.js:165351:31)\n    at Promise._settlePromise (http://localhost:44391/__cypress/runner/cypress_runner.js:165408:18)\n    at Promise._settlePromise0 (http://localhost:44391/__cypress/runner/cypress_runner.js:165453:10)\n    at Promise._settlePromises (http://localhost:44391/__cypress/runner/cypress_runner.js:165528:18)\n    at Async../node_modules/bluebird/js/release/async.js.Async._drainQueue (http://localhost:44391/__cypress/runner/cypress_runner.js:162140:16)\n    at Async../node_modules/bluebird/js/release/async.js.Async._drainQueues (http://localhost:44391/__cypress/runner/cypress_runner.js:162150:10)\n    at Async.drainQueues (http://localhost:44391/__cypress/runner/cypress_runner.js:162024:14)",
                "diff": null
              },
              "uuid": "60a6e964-6552-4d17-a2a4-873526ac075f",
              "parentUUID": "8d7264f3-d5c5-4c73-8d70-14abf768b82c",
              "isHook": false,
              "skipped": false
            }
          ],
          "suites": [],
          "passes": [],
          "failures": [
            "6df16cdf-76cc-47d2-b880-656fbbd6499f",
            "13cfb88e-68d3-45f9-8e81-fa858ab0bf37",
            "7593f316-441c-4759-a925-ab6ef51183e6",
            "60a6e964-6552-4d17-a2a4-873526ac075f"
          ],
          "pending": [],
          "skipped": [],
          "duration": 17118,
          "root": false,
          "rootEmpty": false,
          "_timeout": 2000
        },
        {
          "uuid": "4ec8b1f4-0bea-4408-b1b7-43c4322cc81b",
          "title": "10 - Faça o quadro de pixels ter seu tamanho definido pelo usuário.",
          "fullFile": "",
          "file": "",
          "beforeHooks": [],
          "afterHooks": [],
          "tests": [
            {
              "title": "Verifica se existe um input com o id `board-size`",
              "fullTitle": "10 - Faça o quadro de pixels ter seu tamanho definido pelo usuário. Verifica se existe um input com o id `board-size`",
              "timedOut": null,
              "duration": 4240,
              "state": "failed",
              "speed": null,
              "pass": false,
              "fail": true,
              "pending": false,
              "context": null,
              "code": "cy.get('#board-size').should('be.visible');",
              "err": {
                "message": "CypressError: Timed out retrying: Expected to find element: '#board-size', but never found it.",
                "estack": "CypressError: Timed out retrying: Expected to find element: '#board-size', but never found it.\n    at cypressErr (http://localhost:44391/__cypress/runner/cypress_runner.js:149934:9)\n    at throwErr (http://localhost:44391/__cypress/runner/cypress_runner.js:149867:11)\n    at Object.throwErrByPath (http://localhost:44391/__cypress/runner/cypress_runner.js:149915:3)\n    at retry (http://localhost:44391/__cypress/runner/cypress_runner.js:144197:19)\n    at onFailFn (http://localhost:44391/__cypress/runner/cypress_runner.js:132448:16)\n    at tryCatcher (http://localhost:44391/__cypress/runner/cypress_runner.js:167415:23)\n    at Promise._settlePromiseFromHandler (http://localhost:44391/__cypress/runner/cypress_runner.js:165351:31)\n    at Promise._settlePromise (http://localhost:44391/__cypress/runner/cypress_runner.js:165408:18)\n    at Promise._settlePromise0 (http://localhost:44391/__cypress/runner/cypress_runner.js:165453:10)\n    at Promise._settlePromises (http://localhost:44391/__cypress/runner/cypress_runner.js:165528:18)\n    at Async../node_modules/bluebird/js/release/async.js.Async._drainQueue (http://localhost:44391/__cypress/runner/cypress_runner.js:162140:16)\n    at Async../node_modules/bluebird/js/release/async.js.Async._drainQueues (http://localhost:44391/__cypress/runner/cypress_runner.js:162150:10)\n    at Async.drainQueues (http://localhost:44391/__cypress/runner/cypress_runner.js:162024:14)",
                "diff": null
              },
              "uuid": "43febccf-b655-42d6-8040-153f4c7fe046",
              "parentUUID": "4ec8b1f4-0bea-4408-b1b7-43c4322cc81b",
              "isHook": false,
              "skipped": false
            },
            {
              "title": "Verifica se existe um botão com o id `generate-board`",
              "fullTitle": "10 - Faça o quadro de pixels ter seu tamanho definido pelo usuário. Verifica se existe um botão com o id `generate-board`",
              "timedOut": null,
              "duration": 4217,
              "state": "failed",
              "speed": null,
              "pass": false,
              "fail": true,
              "pending": false,
              "context": null,
              "code": "cy.get('#generate-board').should('be.visible');",
              "err": {
                "message": "CypressError: Timed out retrying: Expected to find element: '#generate-board', but never found it.",
                "estack": "CypressError: Timed out retrying: Expected to find element: '#generate-board', but never found it.\n    at cypressErr (http://localhost:44391/__cypress/runner/cypress_runner.js:149934:9)\n    at throwErr (http://localhost:44391/__cypress/runner/cypress_runner.js:149867:11)\n    at Object.throwErrByPath (http://localhost:44391/__cypress/runner/cypress_runner.js:149915:3)\n    at retry (http://localhost:44391/__cypress/runner/cypress_runner.js:144197:19)\n    at onFailFn (http://localhost:44391/__cypress/runner/cypress_runner.js:132448:16)\n    at tryCatcher (http://localhost:44391/__cypress/runner/cypress_runner.js:167415:23)\n    at Promise._settlePromiseFromHandler (http://localhost:44391/__cypress/runner/cypress_runner.js:165351:31)\n    at Promise._settlePromise (http://localhost:44391/__cypress/runner/cypress_runner.js:165408:18)\n    at Promise._settlePromise0 (http://localhost:44391/__cypress/runner/cypress_runner.js:165453:10)\n    at Promise._settlePromises (http://localhost:44391/__cypress/runner/cypress_runner.js:165528:18)\n    at Async../node_modules/bluebird/js/release/async.js.Async._drainQueue (http://localhost:44391/__cypress/runner/cypress_runner.js:162140:16)\n    at Async../node_modules/bluebird/js/release/async.js.Async._drainQueues (http://localhost:44391/__cypress/runner/cypress_runner.js:162150:10)\n    at Async.drainQueues (http://localhost:44391/__cypress/runner/cypress_runner.js:162024:14)",
                "diff": null
              },
              "uuid": "de6d33e5-911b-4176-bc5b-c42089c27128",
              "parentUUID": "4ec8b1f4-0bea-4408-b1b7-43c4322cc81b",
              "isHook": false,
              "skipped": false
            },
            {
              "title": "Verifica se o input só aceita número maiores que zero. Essa restrição deve ser feita usando os atributos do elemento `input`",
              "fullTitle": "10 - Faça o quadro de pixels ter seu tamanho definido pelo usuário. Verifica se o input só aceita número maiores que zero. Essa restrição deve ser feita usando os atributos do elemento `input`",
              "timedOut": null,
              "duration": 4253,
              "state": "failed",
              "speed": null,
              "pass": false,
              "fail": true,
              "pending": false,
              "context": null,
              "code": "cy.get('#board-size[type=\\'number\\'][min=\\'1\\']');",
              "err": {
                "message": "CypressError: Timed out retrying: Expected to find element: '#board-size[type='number'][min='1']', but never found it.",
                "estack": "CypressError: Timed out retrying: Expected to find element: '#board-size[type='number'][min='1']', but never found it.\n    at cypressErr (http://localhost:44391/__cypress/runner/cypress_runner.js:149934:9)\n    at throwErr (http://localhost:44391/__cypress/runner/cypress_runner.js:149867:11)\n    at Object.throwErrByPath (http://localhost:44391/__cypress/runner/cypress_runner.js:149915:3)\n    at retry (http://localhost:44391/__cypress/runner/cypress_runner.js:144197:19)\n    at onFailFn (http://localhost:44391/__cypress/runner/cypress_runner.js:132448:16)\n    at tryCatcher (http://localhost:44391/__cypress/runner/cypress_runner.js:167415:23)\n    at Promise._settlePromiseFromHandler (http://localhost:44391/__cypress/runner/cypress_runner.js:165351:31)\n    at Promise._settlePromise (http://localhost:44391/__cypress/runner/cypress_runner.js:165408:18)\n    at Promise._settlePromise0 (http://localhost:44391/__cypress/runner/cypress_runner.js:165453:10)\n    at Promise._settlePromises (http://localhost:44391/__cypress/runner/cypress_runner.js:165528:18)\n    at Async../node_modules/bluebird/js/release/async.js.Async._drainQueue (http://localhost:44391/__cypress/runner/cypress_runner.js:162140:16)\n    at Async../node_modules/bluebird/js/release/async.js.Async._drainQueues (http://localhost:44391/__cypress/runner/cypress_runner.js:162150:10)\n    at Async.drainQueues (http://localhost:44391/__cypress/runner/cypress_runner.js:162024:14)",
                "diff": null
              },
              "uuid": "9ed4cf88-1830-468c-ada9-cddbfcb53a45",
              "parentUUID": "4ec8b1f4-0bea-4408-b1b7-43c4322cc81b",
              "isHook": false,
              "skipped": false
            },
            {
              "title": "Verifica se o botão contém o texto 'VQV'",
              "fullTitle": "10 - Faça o quadro de pixels ter seu tamanho definido pelo usuário. Verifica se o botão contém o texto 'VQV'",
              "timedOut": null,
              "duration": 4227,
              "state": "failed",
              "speed": null,
              "pass": false,
              "fail": true,
              "pending": false,
              "context": null,
              "code": "cy.get('#generate-board').contains(/vqv/i);",
              "err": {
                "message": "CypressError: Timed out retrying: Expected to find element: '#generate-board', but never found it.",
                "estack": "CypressError: Timed out retrying: Expected to find element: '#generate-board', but never found it.\n    at cypressErr (http://localhost:44391/__cypress/runner/cypress_runner.js:149934:9)\n    at throwErr (http://localhost:44391/__cypress/runner/cypress_runner.js:149867:11)\n    at Object.throwErrByPath (http://localhost:44391/__cypress/runner/cypress_runner.js:149915:3)\n    at retry (http://localhost:44391/__cypress/runner/cypress_runner.js:144197:19)\n    at onFailFn (http://localhost:44391/__cypress/runner/cypress_runner.js:132448:16)\n    at tryCatcher (http://localhost:44391/__cypress/runner/cypress_runner.js:167415:23)\n    at Promise._settlePromiseFromHandler (http://localhost:44391/__cypress/runner/cypress_runner.js:165351:31)\n    at Promise._settlePromise (http://localhost:44391/__cypress/runner/cypress_runner.js:165408:18)\n    at Promise._settlePromise0 (http://localhost:44391/__cypress/runner/cypress_runner.js:165453:10)\n    at Promise._settlePromises (http://localhost:44391/__cypress/runner/cypress_runner.js:165528:18)\n    at Async../node_modules/bluebird/js/release/async.js.Async._drainQueue (http://localhost:44391/__cypress/runner/cypress_runner.js:162140:16)\n    at Async../node_modules/bluebird/js/release/async.js.Async._drainQueues (http://localhost:44391/__cypress/runner/cypress_runner.js:162150:10)\n    at Async.drainQueues (http://localhost:44391/__cypress/runner/cypress_runner.js:162024:14)",
                "diff": null
              },
              "uuid": "0f12135b-7191-411c-ba9b-3a1131b77bdd",
              "parentUUID": "4ec8b1f4-0bea-4408-b1b7-43c4322cc81b",
              "isHook": false,
              "skipped": false
            },
            {
              "title": "Verifica se o input está posicionado entre a paleta de cores e o quadro de pixels",
              "fullTitle": "10 - Faça o quadro de pixels ter seu tamanho definido pelo usuário. Verifica se o input está posicionado entre a paleta de cores e o quadro de pixels",
              "timedOut": null,
              "duration": 4348,
              "state": "failed",
              "speed": null,
              "pass": false,
              "fail": true,
              "pending": false,
              "context": null,
              "code": "cy.get('#color-palette').then(function (palette) {\n  cy.get('#board-size').should('be.belowOf', palette);\n});\ncy.get('#board-size').then(function (palette) {\n  cy.get('#pixel-board').should('be.belowOf', palette);\n});",
              "err": {
                "message": "CypressError: Timed out retrying: Expected to find element: '#board-size', but never found it.",
                "estack": "CypressError: Timed out retrying: Expected to find element: '#board-size', but never found it.\n    at cypressErr (http://localhost:44391/__cypress/runner/cypress_runner.js:149934:9)\n    at throwErr (http://localhost:44391/__cypress/runner/cypress_runner.js:149867:11)\n    at Object.throwErrByPath (http://localhost:44391/__cypress/runner/cypress_runner.js:149915:3)\n    at retry (http://localhost:44391/__cypress/runner/cypress_runner.js:144197:19)\n    at onFailFn (http://localhost:44391/__cypress/runner/cypress_runner.js:132448:16)\n    at tryCatcher (http://localhost:44391/__cypress/runner/cypress_runner.js:167415:23)\n    at Promise._settlePromiseFromHandler (http://localhost:44391/__cypress/runner/cypress_runner.js:165351:31)\n    at Promise._settlePromise (http://localhost:44391/__cypress/runner/cypress_runner.js:165408:18)\n    at Promise._settlePromise0 (http://localhost:44391/__cypress/runner/cypress_runner.js:165453:10)\n    at Promise._settlePromises (http://localhost:44391/__cypress/runner/cypress_runner.js:165528:18)\n    at Async../node_modules/bluebird/js/release/async.js.Async._drainQueue (http://localhost:44391/__cypress/runner/cypress_runner.js:162140:16)\n    at Async../node_modules/bluebird/js/release/async.js.Async._drainQueues (http://localhost:44391/__cypress/runner/cypress_runner.js:162150:10)\n    at Async.drainQueues (http://localhost:44391/__cypress/runner/cypress_runner.js:162024:14)",
                "diff": null
              },
              "uuid": "b8f91187-129f-43bb-98d0-837cf25989cc",
              "parentUUID": "4ec8b1f4-0bea-4408-b1b7-43c4322cc81b",
              "isHook": false,
              "skipped": false
            },
            {
              "title": "Verifica se o botão está posicionado ao lado do input",
              "fullTitle": "10 - Faça o quadro de pixels ter seu tamanho definido pelo usuário. Verifica se o botão está posicionado ao lado do input",
              "timedOut": null,
              "duration": 4430,
              "state": "failed",
              "speed": null,
              "pass": false,
              "fail": true,
              "pending": false,
              "context": null,
              "code": "cy.get('#board-size').then(function (board) {\n  cy.get('#generate-board').should('be.onTheRightOf', board);\n});",
              "err": {
                "message": "CypressError: Timed out retrying: Expected to find element: '#board-size', but never found it.",
                "estack": "CypressError: Timed out retrying: Expected to find element: '#board-size', but never found it.\n    at cypressErr (http://localhost:44391/__cypress/runner/cypress_runner.js:149934:9)\n    at throwErr (http://localhost:44391/__cypress/runner/cypress_runner.js:149867:11)\n    at Object.throwErrByPath (http://localhost:44391/__cypress/runner/cypress_runner.js:149915:3)\n    at retry (http://localhost:44391/__cypress/runner/cypress_runner.js:144197:19)\n    at onFailFn (http://localhost:44391/__cypress/runner/cypress_runner.js:132448:16)\n    at tryCatcher (http://localhost:44391/__cypress/runner/cypress_runner.js:167415:23)\n    at Promise._settlePromiseFromHandler (http://localhost:44391/__cypress/runner/cypress_runner.js:165351:31)\n    at Promise._settlePromise (http://localhost:44391/__cypress/runner/cypress_runner.js:165408:18)\n    at Promise._settlePromise0 (http://localhost:44391/__cypress/runner/cypress_runner.js:165453:10)\n    at Promise._settlePromises (http://localhost:44391/__cypress/runner/cypress_runner.js:165528:18)\n    at Async../node_modules/bluebird/js/release/async.js.Async._drainQueue (http://localhost:44391/__cypress/runner/cypress_runner.js:162140:16)\n    at Async../node_modules/bluebird/js/release/async.js.Async._drainQueues (http://localhost:44391/__cypress/runner/cypress_runner.js:162150:10)\n    at Async.drainQueues (http://localhost:44391/__cypress/runner/cypress_runner.js:162024:14)",
                "diff": null
              },
              "uuid": "6ddabe60-8b41-4c22-8319-e654b7a0e6a9",
              "parentUUID": "4ec8b1f4-0bea-4408-b1b7-43c4322cc81b",
              "isHook": false,
              "skipped": false
            },
            {
              "title": "Verifica se nenhum valor for colocado no input ao clicar no botão, um `alert` é exibido com o texto: 'Board inválido!'",
              "fullTitle": "10 - Faça o quadro de pixels ter seu tamanho definido pelo usuário. Verifica se nenhum valor for colocado no input ao clicar no botão, um `alert` é exibido com o texto: 'Board inválido!'",
              "timedOut": null,
              "duration": 4348,
              "state": "failed",
              "speed": null,
              "pass": false,
              "fail": true,
              "pending": false,
              "context": null,
              "code": "var alerted = false;\ncy.on('window:alert', function (msg) {\n  return alerted = msg;\n});\ncy.get('#generate-board').click().then(function () {\n  return expect(alerted).to.match(/Board inválido!/i);\n});",
              "err": {
                "message": "CypressError: Timed out retrying: Expected to find element: '#generate-board', but never found it.",
                "estack": "CypressError: Timed out retrying: Expected to find element: '#generate-board', but never found it.\n    at cypressErr (http://localhost:44391/__cypress/runner/cypress_runner.js:149934:9)\n    at throwErr (http://localhost:44391/__cypress/runner/cypress_runner.js:149867:11)\n    at Object.throwErrByPath (http://localhost:44391/__cypress/runner/cypress_runner.js:149915:3)\n    at retry (http://localhost:44391/__cypress/runner/cypress_runner.js:144197:19)\n    at onFailFn (http://localhost:44391/__cypress/runner/cypress_runner.js:132448:16)\n    at tryCatcher (http://localhost:44391/__cypress/runner/cypress_runner.js:167415:23)\n    at Promise._settlePromiseFromHandler (http://localhost:44391/__cypress/runner/cypress_runner.js:165351:31)\n    at Promise._settlePromise (http://localhost:44391/__cypress/runner/cypress_runner.js:165408:18)\n    at Promise._settlePromise0 (http://localhost:44391/__cypress/runner/cypress_runner.js:165453:10)\n    at Promise._settlePromises (http://localhost:44391/__cypress/runner/cypress_runner.js:165528:18)\n    at Async../node_modules/bluebird/js/release/async.js.Async._drainQueue (http://localhost:44391/__cypress/runner/cypress_runner.js:162140:16)\n    at Async../node_modules/bluebird/js/release/async.js.Async._drainQueues (http://localhost:44391/__cypress/runner/cypress_runner.js:162150:10)\n    at Async.drainQueues (http://localhost:44391/__cypress/runner/cypress_runner.js:162024:14)",
                "diff": null
              },
              "uuid": "3c3d619f-17a8-45f6-a096-19b18cb2354a",
              "parentUUID": "4ec8b1f4-0bea-4408-b1b7-43c4322cc81b",
              "isHook": false,
              "skipped": false
            },
            {
              "title": "Verifica se ao clicar no botão com um valor preenchido, o tamanho do board muda.",
              "fullTitle": "10 - Faça o quadro de pixels ter seu tamanho definido pelo usuário. Verifica se ao clicar no botão com um valor preenchido, o tamanho do board muda.",
              "timedOut": null,
              "duration": 4267,
              "state": "failed",
              "speed": null,
              "pass": false,
              "fail": true,
              "pending": false,
              "context": null,
              "code": "cy.get('#board-size').clear().type(10);\ncy.get('#generate-board').click();\ncy.get('.pixel').should('have.length', 100);",
              "err": {
                "message": "CypressError: Timed out retrying: Expected to find element: '#board-size', but never found it.",
                "estack": "CypressError: Timed out retrying: Expected to find element: '#board-size', but never found it.\n    at cypressErr (http://localhost:44391/__cypress/runner/cypress_runner.js:149934:9)\n    at throwErr (http://localhost:44391/__cypress/runner/cypress_runner.js:149867:11)\n    at Object.throwErrByPath (http://localhost:44391/__cypress/runner/cypress_runner.js:149915:3)\n    at retry (http://localhost:44391/__cypress/runner/cypress_runner.js:144197:19)\n    at onFailFn (http://localhost:44391/__cypress/runner/cypress_runner.js:132448:16)\n    at tryCatcher (http://localhost:44391/__cypress/runner/cypress_runner.js:167415:23)\n    at Promise._settlePromiseFromHandler (http://localhost:44391/__cypress/runner/cypress_runner.js:165351:31)\n    at Promise._settlePromise (http://localhost:44391/__cypress/runner/cypress_runner.js:165408:18)\n    at Promise._settlePromise0 (http://localhost:44391/__cypress/runner/cypress_runner.js:165453:10)\n    at Promise._settlePromises (http://localhost:44391/__cypress/runner/cypress_runner.js:165528:18)\n    at Async../node_modules/bluebird/js/release/async.js.Async._drainQueue (http://localhost:44391/__cypress/runner/cypress_runner.js:162140:16)\n    at Async../node_modules/bluebird/js/release/async.js.Async._drainQueues (http://localhost:44391/__cypress/runner/cypress_runner.js:162150:10)\n    at Async.drainQueues (http://localhost:44391/__cypress/runner/cypress_runner.js:162024:14)",
                "diff": null
              },
              "uuid": "571dd01b-5ba9-4083-ad5d-f0f3228bb11b",
              "parentUUID": "4ec8b1f4-0bea-4408-b1b7-43c4322cc81b",
              "isHook": false,
              "skipped": false
            },
            {
              "title": "Verifica se o novo quadro tem todos os pixels preenchidos com a cor branca",
              "fullTitle": "10 - Faça o quadro de pixels ter seu tamanho definido pelo usuário. Verifica se o novo quadro tem todos os pixels preenchidos com a cor branca",
              "timedOut": null,
              "duration": 4233,
              "state": "failed",
              "speed": null,
              "pass": false,
              "fail": true,
              "pending": false,
              "context": null,
              "code": "cy.get('#board-size').clear().type(6);\ncy.get('#generate-board').click();\ncy.get('.pixel').should('have.length', 36).each(function (pixel) {\n  expect(pixel).to.have.css('background-color', WHITE);\n});",
              "err": {
                "message": "CypressError: Timed out retrying: Expected to find element: '#board-size', but never found it.",
                "estack": "CypressError: Timed out retrying: Expected to find element: '#board-size', but never found it.\n    at cypressErr (http://localhost:44391/__cypress/runner/cypress_runner.js:149934:9)\n    at throwErr (http://localhost:44391/__cypress/runner/cypress_runner.js:149867:11)\n    at Object.throwErrByPath (http://localhost:44391/__cypress/runner/cypress_runner.js:149915:3)\n    at retry (http://localhost:44391/__cypress/runner/cypress_runner.js:144197:19)\n    at onFailFn (http://localhost:44391/__cypress/runner/cypress_runner.js:132448:16)\n    at tryCatcher (http://localhost:44391/__cypress/runner/cypress_runner.js:167415:23)\n    at Promise._settlePromiseFromHandler (http://localhost:44391/__cypress/runner/cypress_runner.js:165351:31)\n    at Promise._settlePromise (http://localhost:44391/__cypress/runner/cypress_runner.js:165408:18)\n    at Promise._settlePromise0 (http://localhost:44391/__cypress/runner/cypress_runner.js:165453:10)\n    at Promise._settlePromises (http://localhost:44391/__cypress/runner/cypress_runner.js:165528:18)\n    at Async../node_modules/bluebird/js/release/async.js.Async._drainQueue (http://localhost:44391/__cypress/runner/cypress_runner.js:162140:16)\n    at Async../node_modules/bluebird/js/release/async.js.Async._drainQueues (http://localhost:44391/__cypress/runner/cypress_runner.js:162150:10)\n    at Async.drainQueues (http://localhost:44391/__cypress/runner/cypress_runner.js:162024:14)",
                "diff": null
              },
              "uuid": "56aa8db6-773b-44fa-89c5-f43a7c02fc63",
              "parentUUID": "4ec8b1f4-0bea-4408-b1b7-43c4322cc81b",
              "isHook": false,
              "skipped": false
            }
          ],
          "suites": [],
          "passes": [],
          "failures": [
            "43febccf-b655-42d6-8040-153f4c7fe046",
            "de6d33e5-911b-4176-bc5b-c42089c27128",
            "9ed4cf88-1830-468c-ada9-cddbfcb53a45",
            "0f12135b-7191-411c-ba9b-3a1131b77bdd",
            "b8f91187-129f-43bb-98d0-837cf25989cc",
            "6ddabe60-8b41-4c22-8319-e654b7a0e6a9",
            "3c3d619f-17a8-45f6-a096-19b18cb2354a",
            "571dd01b-5ba9-4083-ad5d-f0f3228bb11b",
            "56aa8db6-773b-44fa-89c5-f43a7c02fc63"
          ],
          "pending": [],
          "skipped": [],
          "duration": 38563,
          "root": false,
          "rootEmpty": false,
          "_timeout": 2000
        },
        {
          "uuid": "b915b3af-e058-495e-ab63-bbaf4cf1daf4",
          "title": "11 - Limite o tamanho mínimo e máximo do board.",
          "fullFile": "",
          "file": "",
          "beforeHooks": [],
          "afterHooks": [],
          "tests": [
            {
              "title": "Verifica se a altura máxima do board é 50",
              "fullTitle": "11 - Limite o tamanho mínimo e máximo do board. Verifica se a altura máxima do board é 50",
              "timedOut": null,
              "duration": 4250,
              "state": "failed",
              "speed": null,
              "pass": false,
              "fail": true,
              "pending": false,
              "context": null,
              "code": "cy.get('#board-size').clear().type(50);\ncy.get('#generate-board').click();\ncy.get('.pixel').should('have.length', 2500);",
              "err": {
                "message": "CypressError: Timed out retrying: Expected to find element: '#board-size', but never found it.",
                "estack": "CypressError: Timed out retrying: Expected to find element: '#board-size', but never found it.\n    at cypressErr (http://localhost:44391/__cypress/runner/cypress_runner.js:149934:9)\n    at throwErr (http://localhost:44391/__cypress/runner/cypress_runner.js:149867:11)\n    at Object.throwErrByPath (http://localhost:44391/__cypress/runner/cypress_runner.js:149915:3)\n    at retry (http://localhost:44391/__cypress/runner/cypress_runner.js:144197:19)\n    at onFailFn (http://localhost:44391/__cypress/runner/cypress_runner.js:132448:16)\n    at tryCatcher (http://localhost:44391/__cypress/runner/cypress_runner.js:167415:23)\n    at Promise._settlePromiseFromHandler (http://localhost:44391/__cypress/runner/cypress_runner.js:165351:31)\n    at Promise._settlePromise (http://localhost:44391/__cypress/runner/cypress_runner.js:165408:18)\n    at Promise._settlePromise0 (http://localhost:44391/__cypress/runner/cypress_runner.js:165453:10)\n    at Promise._settlePromises (http://localhost:44391/__cypress/runner/cypress_runner.js:165528:18)\n    at Async../node_modules/bluebird/js/release/async.js.Async._drainQueue (http://localhost:44391/__cypress/runner/cypress_runner.js:162140:16)\n    at Async../node_modules/bluebird/js/release/async.js.Async._drainQueues (http://localhost:44391/__cypress/runner/cypress_runner.js:162150:10)\n    at Async.drainQueues (http://localhost:44391/__cypress/runner/cypress_runner.js:162024:14)",
                "diff": null
              },
              "uuid": "08324343-7ae5-4ae3-97eb-d482e4716f32",
              "parentUUID": "b915b3af-e058-495e-ab63-bbaf4cf1daf4",
              "isHook": false,
              "skipped": false
            },
            {
              "title": "Verifica se a altura do board é 5 quando um valor menor é colocado no input",
              "fullTitle": "11 - Limite o tamanho mínimo e máximo do board. Verifica se a altura do board é 5 quando um valor menor é colocado no input",
              "timedOut": null,
              "duration": 4301,
              "state": "failed",
              "speed": null,
              "pass": false,
              "fail": true,
              "pending": false,
              "context": null,
              "code": "cy.get('#board-size').clear().type(4);\ncy.get('#generate-board').click();\ncy.get('.pixel').should('have.length', 25);",
              "err": {
                "message": "CypressError: Timed out retrying: Expected to find element: '#board-size', but never found it.",
                "estack": "CypressError: Timed out retrying: Expected to find element: '#board-size', but never found it.\n    at cypressErr (http://localhost:44391/__cypress/runner/cypress_runner.js:149934:9)\n    at throwErr (http://localhost:44391/__cypress/runner/cypress_runner.js:149867:11)\n    at Object.throwErrByPath (http://localhost:44391/__cypress/runner/cypress_runner.js:149915:3)\n    at retry (http://localhost:44391/__cypress/runner/cypress_runner.js:144197:19)\n    at onFailFn (http://localhost:44391/__cypress/runner/cypress_runner.js:132448:16)\n    at tryCatcher (http://localhost:44391/__cypress/runner/cypress_runner.js:167415:23)\n    at Promise._settlePromiseFromHandler (http://localhost:44391/__cypress/runner/cypress_runner.js:165351:31)\n    at Promise._settlePromise (http://localhost:44391/__cypress/runner/cypress_runner.js:165408:18)\n    at Promise._settlePromise0 (http://localhost:44391/__cypress/runner/cypress_runner.js:165453:10)\n    at Promise._settlePromises (http://localhost:44391/__cypress/runner/cypress_runner.js:165528:18)\n    at Async../node_modules/bluebird/js/release/async.js.Async._drainQueue (http://localhost:44391/__cypress/runner/cypress_runner.js:162140:16)\n    at Async../node_modules/bluebird/js/release/async.js.Async._drainQueues (http://localhost:44391/__cypress/runner/cypress_runner.js:162150:10)\n    at Async.drainQueues (http://localhost:44391/__cypress/runner/cypress_runner.js:162024:14)",
                "diff": null
              },
              "uuid": "d6ad5ec1-857c-40e9-8f30-4bafffc2f85f",
              "parentUUID": "b915b3af-e058-495e-ab63-bbaf4cf1daf4",
              "isHook": false,
              "skipped": false
            },
            {
              "title": "Verifica se a altura do board é 50 quando um valor maior é colocado no input",
              "fullTitle": "11 - Limite o tamanho mínimo e máximo do board. Verifica se a altura do board é 50 quando um valor maior é colocado no input",
              "timedOut": null,
              "duration": 4227,
              "state": "failed",
              "speed": null,
              "pass": false,
              "fail": true,
              "pending": false,
              "context": null,
              "code": "cy.get('#board-size').clear().type(51);\ncy.get('#generate-board').click();\ncy.get('.pixel').should('have.length', 2500);",
              "err": {
                "message": "CypressError: Timed out retrying: Expected to find element: '#board-size', but never found it.",
                "estack": "CypressError: Timed out retrying: Expected to find element: '#board-size', but never found it.\n    at cypressErr (http://localhost:44391/__cypress/runner/cypress_runner.js:149934:9)\n    at throwErr (http://localhost:44391/__cypress/runner/cypress_runner.js:149867:11)\n    at Object.throwErrByPath (http://localhost:44391/__cypress/runner/cypress_runner.js:149915:3)\n    at retry (http://localhost:44391/__cypress/runner/cypress_runner.js:144197:19)\n    at onFailFn (http://localhost:44391/__cypress/runner/cypress_runner.js:132448:16)\n    at tryCatcher (http://localhost:44391/__cypress/runner/cypress_runner.js:167415:23)\n    at Promise._settlePromiseFromHandler (http://localhost:44391/__cypress/runner/cypress_runner.js:165351:31)\n    at Promise._settlePromise (http://localhost:44391/__cypress/runner/cypress_runner.js:165408:18)\n    at Promise._settlePromise0 (http://localhost:44391/__cypress/runner/cypress_runner.js:165453:10)\n    at Promise._settlePromises (http://localhost:44391/__cypress/runner/cypress_runner.js:165528:18)\n    at Async../node_modules/bluebird/js/release/async.js.Async._drainQueue (http://localhost:44391/__cypress/runner/cypress_runner.js:162140:16)\n    at Async../node_modules/bluebird/js/release/async.js.Async._drainQueues (http://localhost:44391/__cypress/runner/cypress_runner.js:162150:10)\n    at Async.drainQueues (http://localhost:44391/__cypress/runner/cypress_runner.js:162024:14)",
                "diff": null
              },
              "uuid": "4c10be35-2dd6-47e3-bfff-386efc602ec3",
              "parentUUID": "b915b3af-e058-495e-ab63-bbaf4cf1daf4",
              "isHook": false,
              "skipped": false
            }
          ],
          "suites": [],
          "passes": [],
          "failures": [
            "08324343-7ae5-4ae3-97eb-d482e4716f32",
            "d6ad5ec1-857c-40e9-8f30-4bafffc2f85f",
            "4c10be35-2dd6-47e3-bfff-386efc602ec3"
          ],
          "pending": [],
          "skipped": [],
          "duration": 12778,
          "root": false,
          "rootEmpty": false,
          "_timeout": 2000
        },
        {
          "uuid": "21f017f6-3355-4475-a87e-ad529f21a4d5",
          "title": "12 - Faça com que as cores da paleta sejam geradas aleatoriamente ao carregar a página.",
          "fullFile": "",
          "file": "",
          "beforeHooks": [],
          "afterHooks": [],
          "tests": [
            {
              "title": "Verifica se as cores geradas na paleta são diferentes a cada carregamento da página",
              "fullTitle": "12 - Faça com que as cores da paleta sejam geradas aleatoriamente ao carregar a página. Verifica se as cores geradas na paleta são diferentes a cada carregamento da página",
              "timedOut": null,
              "duration": 360,
              "state": "failed",
              "speed": null,
              "pass": false,
              "fail": true,
              "pending": false,
              "context": null,
              "code": "cy.get('.color').then(function (colors) {\n  var currentColors;\n  var previousColors;\n  previousColors = Array.from(colors).map(function (color) {\n    return Cypress.$(color).css('background-color');\n  });\n  for (var i = 0; i < 5; i += 1) {\n    cy.reload();\n    cy.get('.color').then(function (colors) {\n      currentColors = Array.from(colors).map(function (color) {\n        return Cypress.$(color).css('background-color');\n      });\n      expect(currentColors).not.to.deep.equal(previousColors);\n      previousColors = currentColors;\n    });\n  }\n});",
              "err": {
                "message": "AssertionError: expected [ Array(4) ] to not deeply equal [ Array(4) ]",
                "estack": "AssertionError: expected [ Array(4) ] to not deeply equal [ Array(4) ]\n    at getRet (http://localhost:44391/__cypress/runner/cypress_runner.js:136585:16)\n    at tryCatcher (http://localhost:44391/__cypress/runner/cypress_runner.js:167415:23)\n    at Function.Promise.attempt.Promise.try (http://localhost:44391/__cypress/runner/cypress_runner.js:164690:29)\n    at Context.thenFn (http://localhost:44391/__cypress/runner/cypress_runner.js:136599:23)\n    at Context.then (http://localhost:44391/__cypress/runner/cypress_runner.js:136971:21)\n    at Context.<anonymous> (http://localhost:44391/__cypress/runner/cypress_runner.js:148875:21)\n    at http://localhost:44391/__cypress/runner/cypress_runner.js:148351:33\n    at tryCatcher (http://localhost:44391/__cypress/runner/cypress_runner.js:167415:23)\n    at Promise._settlePromiseFromHandler (http://localhost:44391/__cypress/runner/cypress_runner.js:165351:31)\n    at Promise._settlePromise (http://localhost:44391/__cypress/runner/cypress_runner.js:165408:18)\n    at Promise._settlePromiseCtx (http://localhost:44391/__cypress/runner/cypress_runner.js:165445:10)\n    at Async../node_modules/bluebird/js/release/async.js.Async._drainQueue (http://localhost:44391/__cypress/runner/cypress_runner.js:162145:12)\n    at Async../node_modules/bluebird/js/release/async.js.Async._drainQueues (http://localhost:44391/__cypress/runner/cypress_runner.js:162150:10)\n    at Async.drainQueues (http://localhost:44391/__cypress/runner/cypress_runner.js:162024:14)",
                "diff": ""
              },
              "uuid": "f0cd61db-256c-44a1-acff-1695c8d8746c",
              "parentUUID": "21f017f6-3355-4475-a87e-ad529f21a4d5",
              "isHook": false,
              "skipped": false
            },
            {
              "title": "Verifica se a cor preta ainda está presente e é a primeira na sua paleta de cores",
              "fullTitle": "12 - Faça com que as cores da paleta sejam geradas aleatoriamente ao carregar a página. Verifica se a cor preta ainda está presente e é a primeira na sua paleta de cores",
              "timedOut": null,
              "duration": 301,
              "state": "failed",
              "speed": null,
              "pass": false,
              "fail": true,
              "pending": false,
              "context": null,
              "code": "cy.get('.color').then(function (colors) {\n  var currentColors;\n  var previousColors;\n  previousColors = Array.from(colors).map(function (color) {\n    return Cypress.$(color).css('background-color');\n  });\n  expect(previousColors[0]).to.eq(BLACK);\n  for (var i = 0; i < 5; i += 1) {\n    cy.reload();\n    cy.get('.color').then(function (colors) {\n      currentColors = Array.from(colors).map(function (color) {\n        return Cypress.$(color).css('background-color');\n      });\n      expect(currentColors[0]).to.eq(BLACK);\n      expect(currentColors).not.to.deep.equal(previousColors);\n      previousColors = currentColors;\n    });\n  }\n});",
              "err": {
                "message": "AssertionError: expected [ Array(4) ] to not deeply equal [ Array(4) ]",
                "estack": "AssertionError: expected [ Array(4) ] to not deeply equal [ Array(4) ]\n    at getRet (http://localhost:44391/__cypress/runner/cypress_runner.js:136585:16)\n    at tryCatcher (http://localhost:44391/__cypress/runner/cypress_runner.js:167415:23)\n    at Function.Promise.attempt.Promise.try (http://localhost:44391/__cypress/runner/cypress_runner.js:164690:29)\n    at Context.thenFn (http://localhost:44391/__cypress/runner/cypress_runner.js:136599:23)\n    at Context.then (http://localhost:44391/__cypress/runner/cypress_runner.js:136971:21)\n    at Context.<anonymous> (http://localhost:44391/__cypress/runner/cypress_runner.js:148875:21)\n    at http://localhost:44391/__cypress/runner/cypress_runner.js:148351:33\n    at tryCatcher (http://localhost:44391/__cypress/runner/cypress_runner.js:167415:23)\n    at Promise._settlePromiseFromHandler (http://localhost:44391/__cypress/runner/cypress_runner.js:165351:31)\n    at Promise._settlePromise (http://localhost:44391/__cypress/runner/cypress_runner.js:165408:18)\n    at Promise._settlePromiseCtx (http://localhost:44391/__cypress/runner/cypress_runner.js:165445:10)\n    at Async../node_modules/bluebird/js/release/async.js.Async._drainQueue (http://localhost:44391/__cypress/runner/cypress_runner.js:162145:12)\n    at Async../node_modules/bluebird/js/release/async.js.Async._drainQueues (http://localhost:44391/__cypress/runner/cypress_runner.js:162150:10)\n    at Async.drainQueues (http://localhost:44391/__cypress/runner/cypress_runner.js:162024:14)",
                "diff": ""
              },
              "uuid": "5aa26e94-49df-4729-950a-82a4deb97bdd",
              "parentUUID": "21f017f6-3355-4475-a87e-ad529f21a4d5",
              "isHook": false,
              "skipped": false
            }
          ],
          "suites": [],
          "passes": [],
          "failures": [
            "f0cd61db-256c-44a1-acff-1695c8d8746c",
            "5aa26e94-49df-4729-950a-82a4deb97bdd"
          ],
          "pending": [],
          "skipped": [],
          "duration": 661,
          "root": false,
          "rootEmpty": false,
          "_timeout": 2000
        }
      ],
      "passes": [],
      "failures": [],
      "pending": [],
      "skipped": [],
      "duration": 0,
      "root": true,
      "rootEmpty": true,
      "_timeout": 2000
    }
  ],
  "meta": {
    "mocha": {
      "version": "7.0.1"
    },
    "mochawesome": {
      "options": {
        "quiet": false,
        "reportFilename": "mochawesome",
        "saveHtml": false,
        "saveJson": true,
        "consoleReporter": "spec",
        "useInlineDiffs": false
      },
      "version": "4.1.0"
    },
    "marge": {
      "options": {
        "id": "default",
        "reportDir": "cypress/reports",
        "overwrite": true,
        "html": false,
        "json": true
      },
      "version": "4.1.0"
    }
  }
}